This file contains any messages produced by compilers while
running configure, to aid debugging if configure makes a mistake.

It was created by memcached configure 1.6.31, which was
generated by GNU Autoconf 2.71.  Invocation command line was

  $ ./configure

## --------- ##
## Platform. ##
## --------- ##

hostname = kivah
uname -m = x86_64
uname -r = 5.15.0-119-generic
uname -s = Linux
uname -v = #129-Ubuntu SMP Fri Aug 2 19:25:20 UTC 2024

/usr/bin/uname -p = x86_64
/bin/uname -X     = unknown

/bin/arch              = x86_64
/usr/bin/arch -k       = unknown
/usr/convex/getsysinfo = unknown
/usr/bin/hostinfo      = unknown
/bin/machine           = unknown
/usr/bin/oslevel       = unknown
/bin/universe          = unknown

PATH: /home/kivah/.cargo/bin/
PATH: /home/kivah/.local/bin/
PATH: /usr/local/sbin/
PATH: /usr/local/bin/
PATH: /usr/sbin/
PATH: /usr/bin/
PATH: /sbin/
PATH: /bin/
PATH: /usr/games/
PATH: /usr/local/games/
PATH: /snap/bin/
PATH: /home/kivah/.dotnet/tools/
PATH: /usr/local/go/bin/
PATH: /opt/nvim-linux64/bin/


## ----------- ##
## Core tests. ##
## ----------- ##

configure:2788: looking for aux files: compile missing install-sh config.guess config.sub
configure:2801:  trying ./
configure:2830:   ./compile found
configure:2830:   ./missing found
configure:2812:   ./install-sh found
configure:2830:   ./config.guess found
configure:2830:   ./config.sub found
configure:2948: checking build system type
configure:2963: result: x86_64-pc-linux-gnu
configure:2983: checking host system type
configure:2997: result: x86_64-pc-linux-gnu
configure:3035: checking for a BSD-compatible install
configure:3108: result: /usr/bin/install -c
configure:3119: checking whether build environment is sane
configure:3174: result: yes
configure:3333: checking for a race-free mkdir -p
configure:3377: result: /usr/bin/mkdir -p
configure:3384: checking for gawk
configure:3405: found /usr/bin/gawk
configure:3416: result: gawk
configure:3427: checking whether make sets $(MAKE)
configure:3450: result: yes
configure:3480: checking whether make supports nested variables
configure:3498: result: yes
configure:3699: checking for gcc
configure:3720: found /usr/bin/gcc
configure:3731: result: gcc
configure:4084: checking for C compiler version
configure:4093: gcc --version >&5
gcc (Ubuntu 11.4.0-1ubuntu1~22.04) 11.4.0
Copyright (C) 2021 Free Software Foundation, Inc.
This is free software; see the source for copying conditions.  There is NO
warranty; not even for MERCHANTABILITY or FITNESS FOR A PARTICULAR PURPOSE.

configure:4104: $? = 0
configure:4093: gcc -v >&5
Using built-in specs.
COLLECT_GCC=gcc
COLLECT_LTO_WRAPPER=/usr/lib/gcc/x86_64-linux-gnu/11/lto-wrapper
OFFLOAD_TARGET_NAMES=nvptx-none:amdgcn-amdhsa
OFFLOAD_TARGET_DEFAULT=1
Target: x86_64-linux-gnu
Configured with: ../src/configure -v --with-pkgversion='Ubuntu 11.4.0-1ubuntu1~22.04' --with-bugurl=file:///usr/share/doc/gcc-11/README.Bugs --enable-languages=c,ada,c++,go,brig,d,fortran,objc,obj-c++,m2 --prefix=/usr --with-gcc-major-version-only --program-suffix=-11 --program-prefix=x86_64-linux-gnu- --enable-shared --enable-linker-build-id --libexecdir=/usr/lib --without-included-gettext --enable-threads=posix --libdir=/usr/lib --enable-nls --enable-bootstrap --enable-clocale=gnu --enable-libstdcxx-debug --enable-libstdcxx-time=yes --with-default-libstdcxx-abi=new --enable-gnu-unique-object --disable-vtable-verify --enable-plugin --enable-default-pie --with-system-zlib --enable-libphobos-checking=release --with-target-system-zlib=auto --enable-objc-gc=auto --enable-multiarch --disable-werror --enable-cet --with-arch-32=i686 --with-abi=m64 --with-multilib-list=m32,m64,mx32 --enable-multilib --with-tune=generic --enable-offload-targets=nvptx-none=/build/gcc-11-XeT9lY/gcc-11-11.4.0/debian/tmp-nvptx/usr,amdgcn-amdhsa=/build/gcc-11-XeT9lY/gcc-11-11.4.0/debian/tmp-gcn/usr --without-cuda-driver --enable-checking=release --build=x86_64-linux-gnu --host=x86_64-linux-gnu --target=x86_64-linux-gnu --with-build-config=bootstrap-lto-lean --enable-link-serialization=2
Thread model: posix
Supported LTO compression algorithms: zlib zstd
gcc version 11.4.0 (Ubuntu 11.4.0-1ubuntu1~22.04) 
... rest of stderr output deleted ...
configure:4104: $? = 0
configure:4093: gcc -V >&5
gcc: error: unrecognized command-line option '-V'
gcc: fatal error: no input files
compilation terminated.
configure:4104: $? = 1
configure:4093: gcc -qversion >&5
gcc: error: unrecognized command-line option '-qversion'; did you mean '--version'?
gcc: fatal error: no input files
compilation terminated.
configure:4104: $? = 1
configure:4093: gcc -version >&5
gcc: error: unrecognized command-line option '-version'
gcc: fatal error: no input files
compilation terminated.
configure:4104: $? = 1
configure:4124: checking whether the C compiler works
configure:4146: gcc    conftest.c  >&5
configure:4150: $? = 0
configure:4200: result: yes
configure:4203: checking for C compiler default output file name
configure:4205: result: a.out
configure:4211: checking for suffix of executables
configure:4218: gcc -o conftest    conftest.c  >&5
configure:4222: $? = 0
configure:4245: result: 
configure:4267: checking whether we are cross compiling
configure:4275: gcc -o conftest    conftest.c  >&5
configure:4279: $? = 0
configure:4286: ./conftest
configure:4290: $? = 0
configure:4305: result: no
configure:4310: checking for suffix of object files
configure:4333: gcc -c   conftest.c >&5
configure:4337: $? = 0
configure:4359: result: o
configure:4363: checking whether the compiler supports GNU C
configure:4383: gcc -c   conftest.c >&5
configure:4383: $? = 0
configure:4393: result: yes
configure:4404: checking whether gcc accepts -g
configure:4425: gcc -c -g  conftest.c >&5
configure:4425: $? = 0
configure:4469: result: yes
configure:4489: checking for gcc option to enable C11 features
configure:4504: gcc  -c -g -O2  conftest.c >&5
configure:4504: $? = 0
configure:4522: result: none needed
configure:4638: checking whether gcc understands -c and -o together
configure:4661: gcc -c conftest.c -o conftest2.o
configure:4664: $? = 0
configure:4661: gcc -c conftest.c -o conftest2.o
configure:4664: $? = 0
configure:4676: result: yes
configure:4696: checking whether make supports the include directive
configure:4711: make -f confmf.GNU && cat confinc.out
this is the am__doit target
configure:4714: $? = 0
configure:4733: result: yes (GNU style)
configure:4759: checking dependency style of gcc
configure:4871: result: gcc3
configure:4912: checking how to run the C preprocessor
configure:4938: gcc -E  conftest.c
configure:4938: $? = 0
configure:4953: gcc -E  conftest.c
conftest.c:11:10: fatal error: ac_nonexistent.h: No such file or directory
   11 | #include <ac_nonexistent.h>
      |          ^~~~~~~~~~~~~~~~~~
compilation terminated.
configure:4953: $? = 1
configure: failed program was:
| /* confdefs.h */
| #define PACKAGE_NAME "memcached"
| #define PACKAGE_TARNAME "memcached"
| #define PACKAGE_VERSION "1.6.31"
| #define PACKAGE_STRING "memcached 1.6.31"
| #define PACKAGE_BUGREPORT "memcached@googlegroups.com"
| #define PACKAGE_URL ""
| #define PACKAGE "memcached"
| #define VERSION "1.6.31"
| /* end confdefs.h.  */
| #include <ac_nonexistent.h>
configure:4980: result: gcc -E
configure:4994: gcc -E  conftest.c
configure:4994: $? = 0
configure:5009: gcc -E  conftest.c
conftest.c:11:10: fatal error: ac_nonexistent.h: No such file or directory
   11 | #include <ac_nonexistent.h>
      |          ^~~~~~~~~~~~~~~~~~
compilation terminated.
configure:5009: $? = 1
configure: failed program was:
| /* confdefs.h */
| #define PACKAGE_NAME "memcached"
| #define PACKAGE_TARNAME "memcached"
| #define PACKAGE_VERSION "1.6.31"
| #define PACKAGE_STRING "memcached 1.6.31"
| #define PACKAGE_BUGREPORT "memcached@googlegroups.com"
| #define PACKAGE_URL ""
| #define PACKAGE "memcached"
| #define VERSION "1.6.31"
| /* end confdefs.h.  */
| #include <ac_nonexistent.h>
configure:5040: checking for grep that handles long lines and -e
configure:5104: result: /usr/bin/grep
configure:5109: checking for egrep
configure:5177: result: /usr/bin/grep -E
configure:5184: checking for icc in use
configure:5194: result: no
configure:5214: checking for clang in use
configure:5231: gcc -c -g -O2  conftest.c >&5
conftest.c: In function 'main':
conftest.c:17:12: error: unknown type name 'not'
   17 |            not clang
      |            ^~~
configure:5231: $? = 1
configure: failed program was:
| /* confdefs.h */
| #define PACKAGE_NAME "memcached"
| #define PACKAGE_TARNAME "memcached"
| #define PACKAGE_VERSION "1.6.31"
| #define PACKAGE_STRING "memcached 1.6.31"
| #define PACKAGE_BUGREPORT "memcached@googlegroups.com"
| #define PACKAGE_URL ""
| #define PACKAGE "memcached"
| #define VERSION "1.6.31"
| /* end confdefs.h.  */
| 
| int
| main (void)
| {
| 
|     #ifndef __clang__
|            not clang
|     #endif
| 
|   ;
|   return 0;
| }
configure:5238: result: no
configure:5248: checking for gcc options needed to detect all undeclared functions
configure:5270: gcc -c -g -O2   conftest.c >&5
conftest.c: In function 'main':
conftest.c:15:8: error: 'strchr' undeclared (first use in this function)
   15 | (void) strchr;
      |        ^~~~~~
conftest.c:1:1: note: 'strchr' is defined in header '<string.h>'; did you forget to '#include <string.h>'?
    1 | /* confdefs.h */
conftest.c:15:8: note: each undeclared identifier is reported only once for each function it appears in
   15 | (void) strchr;
      |        ^~~~~~
configure:5270: $? = 1
configure: failed program was:
| /* confdefs.h */
| #define PACKAGE_NAME "memcached"
| #define PACKAGE_TARNAME "memcached"
| #define PACKAGE_VERSION "1.6.31"
| #define PACKAGE_STRING "memcached 1.6.31"
| #define PACKAGE_BUGREPORT "memcached@googlegroups.com"
| #define PACKAGE_URL ""
| #define PACKAGE "memcached"
| #define VERSION "1.6.31"
| /* end confdefs.h.  */
| 
| int
| main (void)
| {
| (void) strchr;
|   ;
|   return 0;
| }
configure:5297: gcc -c -g -O2   conftest.c >&5
configure:5297: $? = 0
configure:5314: result: none needed
configure:5332: checking for stdio.h
configure:5332: gcc -c -g -O2  conftest.c >&5
configure:5332: $? = 0
configure:5332: result: yes
configure:5332: checking for stdlib.h
configure:5332: gcc -c -g -O2  conftest.c >&5
configure:5332: $? = 0
configure:5332: result: yes
configure:5332: checking for string.h
configure:5332: gcc -c -g -O2  conftest.c >&5
configure:5332: $? = 0
configure:5332: result: yes
configure:5332: checking for inttypes.h
configure:5332: gcc -c -g -O2  conftest.c >&5
configure:5332: $? = 0
configure:5332: result: yes
configure:5332: checking for stdint.h
configure:5332: gcc -c -g -O2  conftest.c >&5
configure:5332: $? = 0
configure:5332: result: yes
configure:5332: checking for strings.h
configure:5332: gcc -c -g -O2  conftest.c >&5
configure:5332: $? = 0
configure:5332: result: yes
configure:5332: checking for sys/stat.h
configure:5332: gcc -c -g -O2  conftest.c >&5
configure:5332: $? = 0
configure:5332: result: yes
configure:5332: checking for sys/types.h
configure:5332: gcc -c -g -O2  conftest.c >&5
configure:5332: $? = 0
configure:5332: result: yes
configure:5332: checking for unistd.h
configure:5332: gcc -c -g -O2  conftest.c >&5
configure:5332: $? = 0
configure:5332: result: yes
configure:5358: checking whether __SUNPRO_C is declared
configure:5358: gcc -c -g -O2   conftest.c >&5
conftest.c: In function 'main':
conftest.c:56:10: error: '__SUNPRO_C' undeclared (first use in this function)
   56 |   (void) __SUNPRO_C;
      |          ^~~~~~~~~~
conftest.c:56:10: note: each undeclared identifier is reported only once for each function it appears in
configure:5358: $? = 1
configure: failed program was:
| /* confdefs.h */
| #define PACKAGE_NAME "memcached"
| #define PACKAGE_TARNAME "memcached"
| #define PACKAGE_VERSION "1.6.31"
| #define PACKAGE_STRING "memcached 1.6.31"
| #define PACKAGE_BUGREPORT "memcached@googlegroups.com"
| #define PACKAGE_URL ""
| #define PACKAGE "memcached"
| #define VERSION "1.6.31"
| #define HAVE_STDIO_H 1
| #define HAVE_STDLIB_H 1
| #define HAVE_STRING_H 1
| #define HAVE_INTTYPES_H 1
| #define HAVE_STDINT_H 1
| #define HAVE_STRINGS_H 1
| #define HAVE_SYS_STAT_H 1
| #define HAVE_SYS_TYPES_H 1
| #define HAVE_UNISTD_H 1
| #define STDC_HEADERS 1
| /* end confdefs.h.  */
| #include <stddef.h>
| #ifdef HAVE_STDIO_H
| # include <stdio.h>
| #endif
| #ifdef HAVE_STDLIB_H
| # include <stdlib.h>
| #endif
| #ifdef HAVE_STRING_H
| # include <string.h>
| #endif
| #ifdef HAVE_INTTYPES_H
| # include <inttypes.h>
| #endif
| #ifdef HAVE_STDINT_H
| # include <stdint.h>
| #endif
| #ifdef HAVE_STRINGS_H
| # include <strings.h>
| #endif
| #ifdef HAVE_SYS_TYPES_H
| # include <sys/types.h>
| #endif
| #ifdef HAVE_SYS_STAT_H
| # include <sys/stat.h>
| #endif
| #ifdef HAVE_UNISTD_H
| # include <unistd.h>
| #endif
| int
| main (void)
| {
| #ifndef __SUNPRO_C
| #ifdef __cplusplus
|   (void) __SUNPRO_C;
| #else
|   (void) __SUNPRO_C;
| #endif
| #endif
| 
|   ;
|   return 0;
| }
configure:5358: result: no
configure:5387: checking for gcc option to accept ISO C99
configure:5537: gcc  -c -g -O2 -pthread  conftest.c >&5
configure:5537: $? = 0
configure:5551: result: none needed
configure:5672: checking for sasl/sasl.h
configure:5672: gcc -c -g -O2 -pthread  conftest.c >&5
conftest.c:49:10: fatal error: sasl/sasl.h: No such file or directory
   49 | #include <sasl/sasl.h>
      |          ^~~~~~~~~~~~~
compilation terminated.
configure:5672: $? = 1
configure: failed program was:
| /* confdefs.h */
| #define PACKAGE_NAME "memcached"
| #define PACKAGE_TARNAME "memcached"
| #define PACKAGE_VERSION "1.6.31"
| #define PACKAGE_STRING "memcached 1.6.31"
| #define PACKAGE_BUGREPORT "memcached@googlegroups.com"
| #define PACKAGE_URL ""
| #define PACKAGE "memcached"
| #define VERSION "1.6.31"
| #define HAVE_STDIO_H 1
| #define HAVE_STDLIB_H 1
| #define HAVE_STRING_H 1
| #define HAVE_INTTYPES_H 1
| #define HAVE_STDINT_H 1
| #define HAVE_STRINGS_H 1
| #define HAVE_SYS_STAT_H 1
| #define HAVE_SYS_TYPES_H 1
| #define HAVE_UNISTD_H 1
| #define STDC_HEADERS 1
| /* end confdefs.h.  */
| #include <stddef.h>
| #ifdef HAVE_STDIO_H
| # include <stdio.h>
| #endif
| #ifdef HAVE_STDLIB_H
| # include <stdlib.h>
| #endif
| #ifdef HAVE_STRING_H
| # include <string.h>
| #endif
| #ifdef HAVE_INTTYPES_H
| # include <inttypes.h>
| #endif
| #ifdef HAVE_STDINT_H
| # include <stdint.h>
| #endif
| #ifdef HAVE_STRINGS_H
| # include <strings.h>
| #endif
| #ifdef HAVE_SYS_TYPES_H
| # include <sys/types.h>
| #endif
| #ifdef HAVE_SYS_STAT_H
| # include <sys/stat.h>
| #endif
| #ifdef HAVE_UNISTD_H
| # include <unistd.h>
| #endif
| #include <sasl/sasl.h>
configure:5672: result: no
configure:6098: checking for gcov
configure:6121: found /usr/bin/gcov
configure:6134: result: /usr/bin/gcov
configure:6144: checking for main in -lgcov
configure:6164: gcc -o conftest -g -O2 -pthread -pthread   conftest.c -lgcov   >&5
configure:6164: $? = 0
configure:6174: result: yes
configure:6349: checking size of void *
configure:6355: gcc -o conftest -g -O2 -pthread -pthread   conftest.c  >&5
configure:6355: $? = 0
configure:6355: ./conftest
configure:6355: $? = 0
configure:6370: result: 8
configure:6381: checking for library containing clock_gettime
configure:6411: gcc -o conftest -g -O2 -pthread -pthread   conftest.c  >&5
configure:6411: $? = 0
configure:6431: result: none required
configure:6442: checking for library containing socket
configure:6472: gcc -o conftest -g -O2 -pthread -pthread   conftest.c  >&5
configure:6472: $? = 0
configure:6492: result: none required
configure:6501: checking for library containing gethostbyname
configure:6531: gcc -o conftest -g -O2 -pthread -pthread   conftest.c  >&5
configure:6531: $? = 0
configure:6551: result: none required
configure:6578: checking for libevent directory
configure:6623: gcc -o conftest -g -O2 -pthread -pthread   conftest.c -levent  >&5
configure:6623: $? = 0
configure:6662: result: (system)
configure:6701: gcc -o conftest -g -O2 -pthread -pthread   conftest.c -levent  >&5
configure:6701: $? = 0
configure:6701: ./conftest
configure:6701: $? = 0
configure:6792: checking for pkg-config
configure:6815: found /usr/bin/pkg-config
configure:6827: result: /usr/bin/pkg-config
configure:6852: checking pkg-config is at least version 0.9.0
configure:6855: result: yes
configure:7152: checking for library containing gethugepagesizes
configure:7182: gcc -o conftest -g -O2 -pthread -pthread   conftest.c -levent  >&5
/usr/bin/ld: /tmp/ccwLu7Gf.o: in function `main':
/home/kivah/Downloads/memcached/memcached-1.6.31/conftest.c:32: undefined reference to `gethugepagesizes'
collect2: error: ld returned 1 exit status
configure:7182: $? = 1
configure: failed program was:
| /* confdefs.h */
| #define PACKAGE_NAME "memcached"
| #define PACKAGE_TARNAME "memcached"
| #define PACKAGE_VERSION "1.6.31"
| #define PACKAGE_STRING "memcached 1.6.31"
| #define PACKAGE_BUGREPORT "memcached@googlegroups.com"
| #define PACKAGE_URL ""
| #define PACKAGE "memcached"
| #define VERSION "1.6.31"
| #define HAVE_STDIO_H 1
| #define HAVE_STDLIB_H 1
| #define HAVE_STRING_H 1
| #define HAVE_INTTYPES_H 1
| #define HAVE_STDINT_H 1
| #define HAVE_STRINGS_H 1
| #define HAVE_SYS_STAT_H 1
| #define HAVE_SYS_TYPES_H 1
| #define HAVE_UNISTD_H 1
| #define STDC_HEADERS 1
| #define EXTSTORE 1
| #define SIZEOF_VOID_P 8
| #define HAVE_LIBEVENT_NEW 1
| /* end confdefs.h.  */
| 
| /* Override any GCC internal prototype to avoid an error.
|    Use char because int might match the return type of a GCC
|    builtin and then its argument prototype would still apply.  */
| char gethugepagesizes ();
| int
| main (void)
| {
| return gethugepagesizes ();
|   ;
|   return 0;
| }
configure:7182: gcc -o conftest -g -O2 -pthread -pthread   conftest.c -lhugetlbfs  -levent  >&5
/usr/bin/ld: cannot find -lhugetlbfs: No such file or directory
collect2: error: ld returned 1 exit status
configure:7182: $? = 1
configure: failed program was:
| /* confdefs.h */
| #define PACKAGE_NAME "memcached"
| #define PACKAGE_TARNAME "memcached"
| #define PACKAGE_VERSION "1.6.31"
| #define PACKAGE_STRING "memcached 1.6.31"
| #define PACKAGE_BUGREPORT "memcached@googlegroups.com"
| #define PACKAGE_URL ""
| #define PACKAGE "memcached"
| #define VERSION "1.6.31"
| #define HAVE_STDIO_H 1
| #define HAVE_STDLIB_H 1
| #define HAVE_STRING_H 1
| #define HAVE_INTTYPES_H 1
| #define HAVE_STDINT_H 1
| #define HAVE_STRINGS_H 1
| #define HAVE_SYS_STAT_H 1
| #define HAVE_SYS_TYPES_H 1
| #define HAVE_UNISTD_H 1
| #define STDC_HEADERS 1
| #define EXTSTORE 1
| #define SIZEOF_VOID_P 8
| #define HAVE_LIBEVENT_NEW 1
| /* end confdefs.h.  */
| 
| /* Override any GCC internal prototype to avoid an error.
|    Use char because int might match the return type of a GCC
|    builtin and then its argument prototype would still apply.  */
| char gethugepagesizes ();
| int
| main (void)
| {
| return gethugepagesizes ();
|   ;
|   return 0;
| }
configure:7202: result: no
configure:7212: checking for _Bool
configure:7212: gcc -c -g -O2 -pthread -pthread  conftest.c >&5
configure:7212: $? = 0
configure:7212: gcc -c -g -O2 -pthread -pthread  conftest.c >&5
conftest.c: In function 'main':
conftest.c:55:20: error: expected expression before ')' token
   55 | if (sizeof ((_Bool)))
      |                    ^
configure:7212: $? = 1
configure: failed program was:
| /* confdefs.h */
| #define PACKAGE_NAME "memcached"
| #define PACKAGE_TARNAME "memcached"
| #define PACKAGE_VERSION "1.6.31"
| #define PACKAGE_STRING "memcached 1.6.31"
| #define PACKAGE_BUGREPORT "memcached@googlegroups.com"
| #define PACKAGE_URL ""
| #define PACKAGE "memcached"
| #define VERSION "1.6.31"
| #define HAVE_STDIO_H 1
| #define HAVE_STDLIB_H 1
| #define HAVE_STRING_H 1
| #define HAVE_INTTYPES_H 1
| #define HAVE_STDINT_H 1
| #define HAVE_STRINGS_H 1
| #define HAVE_SYS_STAT_H 1
| #define HAVE_SYS_TYPES_H 1
| #define HAVE_UNISTD_H 1
| #define STDC_HEADERS 1
| #define EXTSTORE 1
| #define SIZEOF_VOID_P 8
| #define HAVE_LIBEVENT_NEW 1
| /* end confdefs.h.  */
| #include <stddef.h>
| #ifdef HAVE_STDIO_H
| # include <stdio.h>
| #endif
| #ifdef HAVE_STDLIB_H
| # include <stdlib.h>
| #endif
| #ifdef HAVE_STRING_H
| # include <string.h>
| #endif
| #ifdef HAVE_INTTYPES_H
| # include <inttypes.h>
| #endif
| #ifdef HAVE_STDINT_H
| # include <stdint.h>
| #endif
| #ifdef HAVE_STRINGS_H
| # include <strings.h>
| #endif
| #ifdef HAVE_SYS_TYPES_H
| # include <sys/types.h>
| #endif
| #ifdef HAVE_SYS_STAT_H
| # include <sys/stat.h>
| #endif
| #ifdef HAVE_UNISTD_H
| # include <unistd.h>
| #endif
| int
| main (void)
| {
| if (sizeof ((_Bool)))
| 	    return 0;
|   ;
|   return 0;
| }
configure:7212: result: yes
configure:7221: checking for stdbool.h that conforms to C99
configure:7337: gcc -c -g -O2 -pthread -pthread  conftest.c >&5
configure:7337: $? = 0
configure:7345: result: yes
configure:7356: checking for inttypes.h
configure:7356: result: yes
configure:7364: checking for sys/auxv.h
configure:7364: gcc -c -g -O2 -pthread -pthread  conftest.c >&5
configure:7364: $? = 0
configure:7364: result: yes
configure:7375: checking for sasl_callback_ft
configure:7400: gcc -c -g -O2 -pthread -pthread  conftest.c >&5
conftest.c: In function 'main':
conftest.c:38:5: error: unknown type name 'sasl_callback_ft'
   38 |     sasl_callback_ft a_callback;
      |     ^~~~~~~~~~~~~~~~
configure:7400: $? = 1
configure: failed program was:
| /* confdefs.h */
| #define PACKAGE_NAME "memcached"
| #define PACKAGE_TARNAME "memcached"
| #define PACKAGE_VERSION "1.6.31"
| #define PACKAGE_STRING "memcached 1.6.31"
| #define PACKAGE_BUGREPORT "memcached@googlegroups.com"
| #define PACKAGE_URL ""
| #define PACKAGE "memcached"
| #define VERSION "1.6.31"
| #define HAVE_STDIO_H 1
| #define HAVE_STDLIB_H 1
| #define HAVE_STRING_H 1
| #define HAVE_INTTYPES_H 1
| #define HAVE_STDINT_H 1
| #define HAVE_STRINGS_H 1
| #define HAVE_SYS_STAT_H 1
| #define HAVE_SYS_TYPES_H 1
| #define HAVE_UNISTD_H 1
| #define STDC_HEADERS 1
| #define EXTSTORE 1
| #define SIZEOF_VOID_P 8
| #define HAVE_LIBEVENT_NEW 1
| #define HAVE__BOOL 1
| #define HAVE_STDBOOL_H 1
| #define HAVE_INTTYPES_H 1
| #define HAVE_SYS_AUXV_H 1
| /* end confdefs.h.  */
| 
|     #ifdef HAVE_SASL_SASL_H
|     #include <sasl/sasl.h>
|     #include <sasl/saslplug.h>
|     #endif
| 
| int
| main (void)
| {
| 
|     sasl_callback_ft a_callback;
| 
|   ;
|   return 0;
| }
configure:7413: result: no
configure:7425: checking for print macros for integers (C99 section 7.8.1)
configure:7450: gcc -c -g -O2 -pthread -pthread  conftest.c >&5
configure:7450: $? = 0
configure:7459: result: yes
configure:7476: checking for an ANSI C-conforming const
configure:7543: gcc -c -g -O2 -pthread -pthread  conftest.c >&5
configure:7543: $? = 0
configure:7551: result: yes
configure:7562: checking for socklen_t
configure:7585: gcc -c -g -O2 -pthread -pthread  conftest.c >&5
configure:7585: $? = 0
configure:7598: result: yes
configure:7607: checking whether byte ordering is bigendian
configure:7623: gcc -c -g -O2 -pthread -pthread  conftest.c >&5
conftest.c:29:16: error: unknown type name 'not'
   29 |                not a universal capable compiler
      |                ^~~
conftest.c:29:22: error: expected '=', ',', ';', 'asm' or '__attribute__' before 'universal'
   29 |                not a universal capable compiler
      |                      ^~~~~~~~~
conftest.c:29:22: error: unknown type name 'universal'
configure:7623: $? = 1
configure: failed program was:
| /* confdefs.h */
| #define PACKAGE_NAME "memcached"
| #define PACKAGE_TARNAME "memcached"
| #define PACKAGE_VERSION "1.6.31"
| #define PACKAGE_STRING "memcached 1.6.31"
| #define PACKAGE_BUGREPORT "memcached@googlegroups.com"
| #define PACKAGE_URL ""
| #define PACKAGE "memcached"
| #define VERSION "1.6.31"
| #define HAVE_STDIO_H 1
| #define HAVE_STDLIB_H 1
| #define HAVE_STRING_H 1
| #define HAVE_INTTYPES_H 1
| #define HAVE_STDINT_H 1
| #define HAVE_STRINGS_H 1
| #define HAVE_SYS_STAT_H 1
| #define HAVE_SYS_TYPES_H 1
| #define HAVE_UNISTD_H 1
| #define STDC_HEADERS 1
| #define EXTSTORE 1
| #define SIZEOF_VOID_P 8
| #define HAVE_LIBEVENT_NEW 1
| #define HAVE__BOOL 1
| #define HAVE_STDBOOL_H 1
| #define HAVE_INTTYPES_H 1
| #define HAVE_SYS_AUXV_H 1
| /* end confdefs.h.  */
| #ifndef __APPLE_CC__
| 	       not a universal capable compiler
| 	     #endif
| 	     typedef int dummy;
| 
configure:7669: gcc -c -g -O2 -pthread -pthread  conftest.c >&5
configure:7669: $? = 0
configure:7688: gcc -c -g -O2 -pthread -pthread  conftest.c >&5
conftest.c: In function 'main':
conftest.c:35:18: error: unknown type name 'not'; did you mean 'ino_t'?
   35 |                  not big endian
      |                  ^~~
      |                  ino_t
conftest.c:35:26: error: expected '=', ',', ';', 'asm' or '__attribute__' before 'endian'
   35 |                  not big endian
      |                          ^~~~~~
configure:7688: $? = 1
configure: failed program was:
| /* confdefs.h */
| #define PACKAGE_NAME "memcached"
| #define PACKAGE_TARNAME "memcached"
| #define PACKAGE_VERSION "1.6.31"
| #define PACKAGE_STRING "memcached 1.6.31"
| #define PACKAGE_BUGREPORT "memcached@googlegroups.com"
| #define PACKAGE_URL ""
| #define PACKAGE "memcached"
| #define VERSION "1.6.31"
| #define HAVE_STDIO_H 1
| #define HAVE_STDLIB_H 1
| #define HAVE_STRING_H 1
| #define HAVE_INTTYPES_H 1
| #define HAVE_STDINT_H 1
| #define HAVE_STRINGS_H 1
| #define HAVE_SYS_STAT_H 1
| #define HAVE_SYS_TYPES_H 1
| #define HAVE_UNISTD_H 1
| #define STDC_HEADERS 1
| #define EXTSTORE 1
| #define SIZEOF_VOID_P 8
| #define HAVE_LIBEVENT_NEW 1
| #define HAVE__BOOL 1
| #define HAVE_STDBOOL_H 1
| #define HAVE_INTTYPES_H 1
| #define HAVE_SYS_AUXV_H 1
| /* end confdefs.h.  */
| #include <sys/types.h>
| 		#include <sys/param.h>
| 
| int
| main (void)
| {
| #if BYTE_ORDER != BIG_ENDIAN
| 		 not big endian
| 		#endif
| 
|   ;
|   return 0;
| }
configure:7822: result: no
configure:7846: checking for htonll
configure:7868: gcc -o conftest -g -O2 -pthread -pthread   conftest.c -levent  >&5
conftest.c:33:23: warning: extra tokens at end of #include directive
   33 | #include <inttypes.h> */
      |                       ^
conftest.c: In function 'main':
conftest.c:40:18: warning: implicit declaration of function 'htonll'; did you mean 'htonl'? [-Wimplicit-function-declaration]
   40 |           return htonll(0);
      |                  ^~~~~~
      |                  htonl
/usr/bin/ld: /tmp/cckIrAS3.o: in function `main':
/home/kivah/Downloads/memcached/memcached-1.6.31/conftest.c:40: undefined reference to `htonll'
collect2: error: ld returned 1 exit status
configure:7868: $? = 1
configure: failed program was:
| /* confdefs.h */
| #define PACKAGE_NAME "memcached"
| #define PACKAGE_TARNAME "memcached"
| #define PACKAGE_VERSION "1.6.31"
| #define PACKAGE_STRING "memcached 1.6.31"
| #define PACKAGE_BUGREPORT "memcached@googlegroups.com"
| #define PACKAGE_URL ""
| #define PACKAGE "memcached"
| #define VERSION "1.6.31"
| #define HAVE_STDIO_H 1
| #define HAVE_STDLIB_H 1
| #define HAVE_STRING_H 1
| #define HAVE_INTTYPES_H 1
| #define HAVE_STDINT_H 1
| #define HAVE_STRINGS_H 1
| #define HAVE_SYS_STAT_H 1
| #define HAVE_SYS_TYPES_H 1
| #define HAVE_UNISTD_H 1
| #define STDC_HEADERS 1
| #define EXTSTORE 1
| #define SIZEOF_VOID_P 8
| #define HAVE_LIBEVENT_NEW 1
| #define HAVE__BOOL 1
| #define HAVE_STDBOOL_H 1
| #define HAVE_INTTYPES_H 1
| #define HAVE_SYS_AUXV_H 1
| #define ENDIAN_LITTLE 1
| /* end confdefs.h.  */
| 
| #include <sys/types.h>
| #include <netinet/in.h>
| #ifdef HAVE_INTTYPES_H
| #include <inttypes.h> */
| #endif
| 
| int
| main (void)
| {
| 
|           return htonll(0);
| 
|   ;
|   return 0;
| }
configure:7884: result: no
configure:7888: checking for library containing pthread_create
configure:7918: gcc -o conftest -g -O2 -pthread -pthread   conftest.c -levent  >&5
configure:7918: $? = 0
configure:7938: result: none required
configure:7951: checking for mlockall
configure:7951: gcc -o conftest -g -O2 -pthread -pthread   conftest.c -levent  >&5
configure:7951: $? = 0
configure:7951: result: yes
configure:7958: checking for getpagesizes
configure:7958: gcc -o conftest -g -O2 -pthread -pthread   conftest.c -levent  >&5
/usr/bin/ld: /tmp/ccU5wUoR.o: in function `main':
/home/kivah/Downloads/memcached/memcached-1.6.31/conftest.c:57: undefined reference to `getpagesizes'
collect2: error: ld returned 1 exit status
configure:7958: $? = 1
configure: failed program was:
| /* confdefs.h */
| #define PACKAGE_NAME "memcached"
| #define PACKAGE_TARNAME "memcached"
| #define PACKAGE_VERSION "1.6.31"
| #define PACKAGE_STRING "memcached 1.6.31"
| #define PACKAGE_BUGREPORT "memcached@googlegroups.com"
| #define PACKAGE_URL ""
| #define PACKAGE "memcached"
| #define VERSION "1.6.31"
| #define HAVE_STDIO_H 1
| #define HAVE_STDLIB_H 1
| #define HAVE_STRING_H 1
| #define HAVE_INTTYPES_H 1
| #define HAVE_STDINT_H 1
| #define HAVE_STRINGS_H 1
| #define HAVE_SYS_STAT_H 1
| #define HAVE_SYS_TYPES_H 1
| #define HAVE_UNISTD_H 1
| #define STDC_HEADERS 1
| #define EXTSTORE 1
| #define SIZEOF_VOID_P 8
| #define HAVE_LIBEVENT_NEW 1
| #define HAVE__BOOL 1
| #define HAVE_STDBOOL_H 1
| #define HAVE_INTTYPES_H 1
| #define HAVE_SYS_AUXV_H 1
| #define ENDIAN_LITTLE 1
| #define HAVE_MLOCKALL 1
| /* end confdefs.h.  */
| /* Define getpagesizes to an innocuous variant, in case <limits.h> declares getpagesizes.
|    For example, HP-UX 11i <limits.h> declares gettimeofday.  */
| #define getpagesizes innocuous_getpagesizes
| 
| /* System header to define __stub macros and hopefully few prototypes,
|    which can conflict with char getpagesizes (); below.  */
| 
| #include <limits.h>
| #undef getpagesizes
| 
| /* Override any GCC internal prototype to avoid an error.
|    Use char because int might match the return type of a GCC
|    builtin and then its argument prototype would still apply.  */
| #ifdef __cplusplus
| extern "C"
| #endif
| char getpagesizes ();
| /* The GNU C library defines this for functions which it implements
|     to always fail with ENOSYS.  Some functions are actually named
|     something starting with __ and the normal name is an alias.  */
| #if defined __stub_getpagesizes || defined __stub___getpagesizes
| choke me
| #endif
| 
| int
| main (void)
| {
| return getpagesizes ();
|   ;
|   return 0;
| }
configure:7958: result: no
configure:7965: checking for sysconf
configure:7965: gcc -o conftest -g -O2 -pthread -pthread   conftest.c -levent  >&5
configure:7965: $? = 0
configure:7965: result: yes
configure:7972: checking for memcntl
configure:7972: gcc -o conftest -g -O2 -pthread -pthread   conftest.c -levent  >&5
/usr/bin/ld: /tmp/ccWS1OlK.o: in function `main':
/home/kivah/Downloads/memcached/memcached-1.6.31/conftest.c:58: undefined reference to `memcntl'
collect2: error: ld returned 1 exit status
configure:7972: $? = 1
configure: failed program was:
| /* confdefs.h */
| #define PACKAGE_NAME "memcached"
| #define PACKAGE_TARNAME "memcached"
| #define PACKAGE_VERSION "1.6.31"
| #define PACKAGE_STRING "memcached 1.6.31"
| #define PACKAGE_BUGREPORT "memcached@googlegroups.com"
| #define PACKAGE_URL ""
| #define PACKAGE "memcached"
| #define VERSION "1.6.31"
| #define HAVE_STDIO_H 1
| #define HAVE_STDLIB_H 1
| #define HAVE_STRING_H 1
| #define HAVE_INTTYPES_H 1
| #define HAVE_STDINT_H 1
| #define HAVE_STRINGS_H 1
| #define HAVE_SYS_STAT_H 1
| #define HAVE_SYS_TYPES_H 1
| #define HAVE_UNISTD_H 1
| #define STDC_HEADERS 1
| #define EXTSTORE 1
| #define SIZEOF_VOID_P 8
| #define HAVE_LIBEVENT_NEW 1
| #define HAVE__BOOL 1
| #define HAVE_STDBOOL_H 1
| #define HAVE_INTTYPES_H 1
| #define HAVE_SYS_AUXV_H 1
| #define ENDIAN_LITTLE 1
| #define HAVE_MLOCKALL 1
| #define HAVE_SYSCONF 1
| /* end confdefs.h.  */
| /* Define memcntl to an innocuous variant, in case <limits.h> declares memcntl.
|    For example, HP-UX 11i <limits.h> declares gettimeofday.  */
| #define memcntl innocuous_memcntl
| 
| /* System header to define __stub macros and hopefully few prototypes,
|    which can conflict with char memcntl (); below.  */
| 
| #include <limits.h>
| #undef memcntl
| 
| /* Override any GCC internal prototype to avoid an error.
|    Use char because int might match the return type of a GCC
|    builtin and then its argument prototype would still apply.  */
| #ifdef __cplusplus
| extern "C"
| #endif
| char memcntl ();
| /* The GNU C library defines this for functions which it implements
|     to always fail with ENOSYS.  Some functions are actually named
|     something starting with __ and the normal name is an alias.  */
| #if defined __stub_memcntl || defined __stub___memcntl
| choke me
| #endif
| 
| int
| main (void)
| {
| return memcntl ();
|   ;
|   return 0;
| }
configure:7972: result: no
configure:7979: checking for clock_gettime
configure:7979: gcc -o conftest -g -O2 -pthread -pthread   conftest.c -levent  >&5
configure:7979: $? = 0
configure:7979: result: yes
configure:7986: checking for preadv
configure:7986: gcc -o conftest -g -O2 -pthread -pthread   conftest.c -levent  >&5
configure:7986: $? = 0
configure:7986: result: yes
configure:7993: checking for pread
configure:7993: gcc -o conftest -g -O2 -pthread -pthread   conftest.c -levent  >&5
configure:7993: $? = 0
configure:7993: result: yes
configure:8000: checking for eventfd
configure:8000: gcc -o conftest -g -O2 -pthread -pthread   conftest.c -levent  >&5
configure:8000: $? = 0
configure:8000: result: yes
configure:8010: checking for pthread_setname_np
configure:8010: gcc -o conftest -g -O2 -pthread -pthread   conftest.c -levent  >&5
configure:8010: $? = 0
configure:8010: result: yes
configure:8023: checking for accept4
configure:8023: gcc -o conftest -g -O2 -pthread -pthread   conftest.c -levent  >&5
configure:8023: $? = 0
configure:8023: result: yes
configure:8036: checking for getopt_long
configure:8036: gcc -o conftest -g -O2 -pthread -pthread   conftest.c -levent  >&5
configure:8036: $? = 0
configure:8036: result: yes
configure:8049: checking for alignment
configure:8098: gcc -o conftest -g -O2 -pthread -pthread   conftest.c -levent  >&5
configure:8098: $? = 0
configure:8098: ./conftest
configure:8098: $? = 0
configure:8114: result: none
configure:8133: checking for GCC atomics
configure:8151: gcc -o conftest -g -O2 -pthread -pthread   conftest.c -levent  >&5
configure:8151: $? = 0
configure:8160: result: yes
configure:8164: checking for GCC 64bit atomics
configure:8183: gcc -o conftest -g -O2 -pthread -pthread   conftest.c -levent  >&5
configure:8183: $? = 0
configure:8192: result: yes
configure:8198: checking for setppriv
configure:8198: gcc -o conftest -g -O2 -pthread -pthread   conftest.c -levent  >&5
/usr/bin/ld: /tmp/ccDEMAna.o: in function `main':
/home/kivah/Downloads/memcached/memcached-1.6.31/conftest.c:70: undefined reference to `setppriv'
collect2: error: ld returned 1 exit status
configure:8198: $? = 1
configure: failed program was:
| /* confdefs.h */
| #define PACKAGE_NAME "memcached"
| #define PACKAGE_TARNAME "memcached"
| #define PACKAGE_VERSION "1.6.31"
| #define PACKAGE_STRING "memcached 1.6.31"
| #define PACKAGE_BUGREPORT "memcached@googlegroups.com"
| #define PACKAGE_URL ""
| #define PACKAGE "memcached"
| #define VERSION "1.6.31"
| #define HAVE_STDIO_H 1
| #define HAVE_STDLIB_H 1
| #define HAVE_STRING_H 1
| #define HAVE_INTTYPES_H 1
| #define HAVE_STDINT_H 1
| #define HAVE_STRINGS_H 1
| #define HAVE_SYS_STAT_H 1
| #define HAVE_SYS_TYPES_H 1
| #define HAVE_UNISTD_H 1
| #define STDC_HEADERS 1
| #define EXTSTORE 1
| #define SIZEOF_VOID_P 8
| #define HAVE_LIBEVENT_NEW 1
| #define HAVE__BOOL 1
| #define HAVE_STDBOOL_H 1
| #define HAVE_INTTYPES_H 1
| #define HAVE_SYS_AUXV_H 1
| #define ENDIAN_LITTLE 1
| #define HAVE_MLOCKALL 1
| #define HAVE_SYSCONF 1
| #define HAVE_CLOCK_GETTIME 1
| #define HAVE_PREADV 1
| #define HAVE_PREAD 1
| #define HAVE_EVENTFD 1
| #define HAVE_PTHREAD_SETNAME_NP 1
| #define HAVE_PTHREAD_SETNAME_NP 1
| #define HAVE_ACCEPT4 1
| #define HAVE_ACCEPT4 1
| #define HAVE_GETOPT_LONG 1
| #define HAVE_GETOPT_LONG 1
| #define HAVE_GCC_ATOMICS 1
| #define HAVE_GCC_64ATOMICS 1
| /* end confdefs.h.  */
| /* Define setppriv to an innocuous variant, in case <limits.h> declares setppriv.
|    For example, HP-UX 11i <limits.h> declares gettimeofday.  */
| #define setppriv innocuous_setppriv
| 
| /* System header to define __stub macros and hopefully few prototypes,
|    which can conflict with char setppriv (); below.  */
| 
| #include <limits.h>
| #undef setppriv
| 
| /* Override any GCC internal prototype to avoid an error.
|    Use char because int might match the return type of a GCC
|    builtin and then its argument prototype would still apply.  */
| #ifdef __cplusplus
| extern "C"
| #endif
| char setppriv ();
| /* The GNU C library defines this for functions which it implements
|     to always fail with ENOSYS.  Some functions are actually named
|     something starting with __ and the normal name is an alias.  */
| #if defined __stub_setppriv || defined __stub___setppriv
| choke me
| #endif
| 
| int
| main (void)
| {
| return setppriv ();
|   ;
|   return 0;
| }
configure:8198: result: no
configure:8277: checking for pledge
configure:8277: gcc -o conftest -g -O2 -pthread -pthread   conftest.c -levent  >&5
/usr/bin/ld: /tmp/ccyOg2qi.o: in function `main':
/home/kivah/Downloads/memcached/memcached-1.6.31/conftest.c:70: undefined reference to `pledge'
collect2: error: ld returned 1 exit status
configure:8277: $? = 1
configure: failed program was:
| /* confdefs.h */
| #define PACKAGE_NAME "memcached"
| #define PACKAGE_TARNAME "memcached"
| #define PACKAGE_VERSION "1.6.31"
| #define PACKAGE_STRING "memcached 1.6.31"
| #define PACKAGE_BUGREPORT "memcached@googlegroups.com"
| #define PACKAGE_URL ""
| #define PACKAGE "memcached"
| #define VERSION "1.6.31"
| #define HAVE_STDIO_H 1
| #define HAVE_STDLIB_H 1
| #define HAVE_STRING_H 1
| #define HAVE_INTTYPES_H 1
| #define HAVE_STDINT_H 1
| #define HAVE_STRINGS_H 1
| #define HAVE_SYS_STAT_H 1
| #define HAVE_SYS_TYPES_H 1
| #define HAVE_UNISTD_H 1
| #define STDC_HEADERS 1
| #define EXTSTORE 1
| #define SIZEOF_VOID_P 8
| #define HAVE_LIBEVENT_NEW 1
| #define HAVE__BOOL 1
| #define HAVE_STDBOOL_H 1
| #define HAVE_INTTYPES_H 1
| #define HAVE_SYS_AUXV_H 1
| #define ENDIAN_LITTLE 1
| #define HAVE_MLOCKALL 1
| #define HAVE_SYSCONF 1
| #define HAVE_CLOCK_GETTIME 1
| #define HAVE_PREADV 1
| #define HAVE_PREAD 1
| #define HAVE_EVENTFD 1
| #define HAVE_PTHREAD_SETNAME_NP 1
| #define HAVE_PTHREAD_SETNAME_NP 1
| #define HAVE_ACCEPT4 1
| #define HAVE_ACCEPT4 1
| #define HAVE_GETOPT_LONG 1
| #define HAVE_GETOPT_LONG 1
| #define HAVE_GCC_ATOMICS 1
| #define HAVE_GCC_64ATOMICS 1
| /* end confdefs.h.  */
| /* Define pledge to an innocuous variant, in case <limits.h> declares pledge.
|    For example, HP-UX 11i <limits.h> declares gettimeofday.  */
| #define pledge innocuous_pledge
| 
| /* System header to define __stub macros and hopefully few prototypes,
|    which can conflict with char pledge (); below.  */
| 
| #include <limits.h>
| #undef pledge
| 
| /* Override any GCC internal prototype to avoid an error.
|    Use char because int might match the return type of a GCC
|    builtin and then its argument prototype would still apply.  */
| #ifdef __cplusplus
| extern "C"
| #endif
| char pledge ();
| /* The GNU C library defines this for functions which it implements
|     to always fail with ENOSYS.  Some functions are actually named
|     something starting with __ and the normal name is an alias.  */
| #if defined __stub_pledge || defined __stub___pledge
| choke me
| #endif
| 
| int
| main (void)
| {
| return pledge ();
|   ;
|   return 0;
| }
configure:8277: result: no
configure:8301: checking for cap_enter
configure:8301: gcc -o conftest -g -O2 -pthread -pthread   conftest.c -levent  >&5
/usr/bin/ld: /tmp/ccKXCGef.o: in function `main':
/home/kivah/Downloads/memcached/memcached-1.6.31/conftest.c:70: undefined reference to `cap_enter'
collect2: error: ld returned 1 exit status
configure:8301: $? = 1
configure: failed program was:
| /* confdefs.h */
| #define PACKAGE_NAME "memcached"
| #define PACKAGE_TARNAME "memcached"
| #define PACKAGE_VERSION "1.6.31"
| #define PACKAGE_STRING "memcached 1.6.31"
| #define PACKAGE_BUGREPORT "memcached@googlegroups.com"
| #define PACKAGE_URL ""
| #define PACKAGE "memcached"
| #define VERSION "1.6.31"
| #define HAVE_STDIO_H 1
| #define HAVE_STDLIB_H 1
| #define HAVE_STRING_H 1
| #define HAVE_INTTYPES_H 1
| #define HAVE_STDINT_H 1
| #define HAVE_STRINGS_H 1
| #define HAVE_SYS_STAT_H 1
| #define HAVE_SYS_TYPES_H 1
| #define HAVE_UNISTD_H 1
| #define STDC_HEADERS 1
| #define EXTSTORE 1
| #define SIZEOF_VOID_P 8
| #define HAVE_LIBEVENT_NEW 1
| #define HAVE__BOOL 1
| #define HAVE_STDBOOL_H 1
| #define HAVE_INTTYPES_H 1
| #define HAVE_SYS_AUXV_H 1
| #define ENDIAN_LITTLE 1
| #define HAVE_MLOCKALL 1
| #define HAVE_SYSCONF 1
| #define HAVE_CLOCK_GETTIME 1
| #define HAVE_PREADV 1
| #define HAVE_PREAD 1
| #define HAVE_EVENTFD 1
| #define HAVE_PTHREAD_SETNAME_NP 1
| #define HAVE_PTHREAD_SETNAME_NP 1
| #define HAVE_ACCEPT4 1
| #define HAVE_ACCEPT4 1
| #define HAVE_GETOPT_LONG 1
| #define HAVE_GETOPT_LONG 1
| #define HAVE_GCC_ATOMICS 1
| #define HAVE_GCC_64ATOMICS 1
| /* end confdefs.h.  */
| /* Define cap_enter to an innocuous variant, in case <limits.h> declares cap_enter.
|    For example, HP-UX 11i <limits.h> declares gettimeofday.  */
| #define cap_enter innocuous_cap_enter
| 
| /* System header to define __stub macros and hopefully few prototypes,
|    which can conflict with char cap_enter (); below.  */
| 
| #include <limits.h>
| #undef cap_enter
| 
| /* Override any GCC internal prototype to avoid an error.
|    Use char because int might match the return type of a GCC
|    builtin and then its argument prototype would still apply.  */
| #ifdef __cplusplus
| extern "C"
| #endif
| char cap_enter ();
| /* The GNU C library defines this for functions which it implements
|     to always fail with ENOSYS.  Some functions are actually named
|     something starting with __ and the normal name is an alias.  */
| #if defined __stub_cap_enter || defined __stub___cap_enter
| choke me
| #endif
| 
| int
| main (void)
| {
| return cap_enter ();
|   ;
|   return 0;
| }
configure:8301: result: no
configure:8325: checking for sandbox_init
configure:8325: gcc -o conftest -g -O2 -pthread -pthread   conftest.c -levent  >&5
/usr/bin/ld: /tmp/cc8yaaDC.o: in function `main':
/home/kivah/Downloads/memcached/memcached-1.6.31/conftest.c:70: undefined reference to `sandbox_init'
collect2: error: ld returned 1 exit status
configure:8325: $? = 1
configure: failed program was:
| /* confdefs.h */
| #define PACKAGE_NAME "memcached"
| #define PACKAGE_TARNAME "memcached"
| #define PACKAGE_VERSION "1.6.31"
| #define PACKAGE_STRING "memcached 1.6.31"
| #define PACKAGE_BUGREPORT "memcached@googlegroups.com"
| #define PACKAGE_URL ""
| #define PACKAGE "memcached"
| #define VERSION "1.6.31"
| #define HAVE_STDIO_H 1
| #define HAVE_STDLIB_H 1
| #define HAVE_STRING_H 1
| #define HAVE_INTTYPES_H 1
| #define HAVE_STDINT_H 1
| #define HAVE_STRINGS_H 1
| #define HAVE_SYS_STAT_H 1
| #define HAVE_SYS_TYPES_H 1
| #define HAVE_UNISTD_H 1
| #define STDC_HEADERS 1
| #define EXTSTORE 1
| #define SIZEOF_VOID_P 8
| #define HAVE_LIBEVENT_NEW 1
| #define HAVE__BOOL 1
| #define HAVE_STDBOOL_H 1
| #define HAVE_INTTYPES_H 1
| #define HAVE_SYS_AUXV_H 1
| #define ENDIAN_LITTLE 1
| #define HAVE_MLOCKALL 1
| #define HAVE_SYSCONF 1
| #define HAVE_CLOCK_GETTIME 1
| #define HAVE_PREADV 1
| #define HAVE_PREAD 1
| #define HAVE_EVENTFD 1
| #define HAVE_PTHREAD_SETNAME_NP 1
| #define HAVE_PTHREAD_SETNAME_NP 1
| #define HAVE_ACCEPT4 1
| #define HAVE_ACCEPT4 1
| #define HAVE_GETOPT_LONG 1
| #define HAVE_GETOPT_LONG 1
| #define HAVE_GCC_ATOMICS 1
| #define HAVE_GCC_64ATOMICS 1
| /* end confdefs.h.  */
| /* Define sandbox_init to an innocuous variant, in case <limits.h> declares sandbox_init.
|    For example, HP-UX 11i <limits.h> declares gettimeofday.  */
| #define sandbox_init innocuous_sandbox_init
| 
| /* System header to define __stub macros and hopefully few prototypes,
|    which can conflict with char sandbox_init (); below.  */
| 
| #include <limits.h>
| #undef sandbox_init
| 
| /* Override any GCC internal prototype to avoid an error.
|    Use char because int might match the return type of a GCC
|    builtin and then its argument prototype would still apply.  */
| #ifdef __cplusplus
| extern "C"
| #endif
| char sandbox_init ();
| /* The GNU C library defines this for functions which it implements
|     to always fail with ENOSYS.  Some functions are actually named
|     something starting with __ and the normal name is an alias.  */
| #if defined __stub_sandbox_init || defined __stub___sandbox_init
| choke me
| #endif
| 
| int
| main (void)
| {
| return sandbox_init ();
|   ;
|   return 0;
| }
configure:8325: result: no
configure:8398: checking for xml2rfc
configure:8434: result: no
configure:8444: checking for xsltproc
configure:8480: result: no
configure:8631: checking that generated files are newer than configure
configure:8637: result: done
configure:8741: creating ./config.status

## ---------------------- ##
## Running config.status. ##
## ---------------------- ##

This file was extended by memcached config.status 1.6.31, which was
generated by GNU Autoconf 2.71.  Invocation command line was

  CONFIG_FILES    = 
  CONFIG_HEADERS  = 
  CONFIG_LINKS    = 
  CONFIG_COMMANDS = 
  $ ./config.status 

on kivah

config.status:934: creating Makefile
config.status:934: creating doc/Makefile
config.status:934: creating config.h
config.status:1115: config.h is unchanged
config.status:1163: executing depfiles commands
config.status:1240: cd .       && sed -e '/# am--include-marker/d' Makefile         | make -f - am--depfiles
make: Nothing to be done for 'am--depfiles'.
config.status:1245: $? = 0

## ---------------- ##
## Cache variables. ##
## ---------------- ##

ac_cv_build=x86_64-pc-linux-gnu
ac_cv_c_alignment=none
ac_cv_c_bigendian=no
ac_cv_c_compiler_gnu=yes
ac_cv_c_const=yes
ac_cv_c_socklen_t=yes
ac_cv_c_uint64_support=yes
ac_cv_c_undeclared_builtin_options='none needed'
ac_cv_env_CC_set=
ac_cv_env_CC_value=
ac_cv_env_CFLAGS_set=
ac_cv_env_CFLAGS_value=
ac_cv_env_CPPFLAGS_set=
ac_cv_env_CPPFLAGS_value=
ac_cv_env_CPP_set=
ac_cv_env_CPP_value=
ac_cv_env_LDFLAGS_set=
ac_cv_env_LDFLAGS_value=
ac_cv_env_LIBS_set=
ac_cv_env_LIBS_value=
ac_cv_env_OPENSSL_CFLAGS_set=
ac_cv_env_OPENSSL_CFLAGS_value=
ac_cv_env_OPENSSL_LIBS_set=
ac_cv_env_OPENSSL_LIBS_value=
ac_cv_env_PKG_CONFIG_LIBDIR_set=
ac_cv_env_PKG_CONFIG_LIBDIR_value=
ac_cv_env_PKG_CONFIG_PATH_set=
ac_cv_env_PKG_CONFIG_PATH_value=
ac_cv_env_PKG_CONFIG_set=
ac_cv_env_PKG_CONFIG_value=
ac_cv_env_build_alias_set=
ac_cv_env_build_alias_value=
ac_cv_env_host_alias_set=
ac_cv_env_host_alias_value=
ac_cv_env_target_alias_set=
ac_cv_env_target_alias_value=
ac_cv_func_accept4=yes
ac_cv_func_cap_enter=no
ac_cv_func_clock_gettime=yes
ac_cv_func_eventfd=yes
ac_cv_func_getopt_long=yes
ac_cv_func_getpagesizes=no
ac_cv_func_memcntl=no
ac_cv_func_mlockall=yes
ac_cv_func_pledge=no
ac_cv_func_pread=yes
ac_cv_func_preadv=yes
ac_cv_func_pthread_setname_np=yes
ac_cv_func_sandbox_init=no
ac_cv_func_setppriv=no
ac_cv_func_sysconf=yes
ac_cv_has_sasl_callback_ft=no
ac_cv_have_decl___SUNPRO_C=no
ac_cv_header_inttypes_h=yes
ac_cv_header_sasl_sasl_h=no
ac_cv_header_stdbool_h=yes
ac_cv_header_stdint_h=yes
ac_cv_header_stdio_h=yes
ac_cv_header_stdlib_h=yes
ac_cv_header_string_h=yes
ac_cv_header_strings_h=yes
ac_cv_header_sys_auxv_h=yes
ac_cv_header_sys_stat_h=yes
ac_cv_header_sys_types_h=yes
ac_cv_header_unistd_h=yes
ac_cv_host=x86_64-pc-linux-gnu
ac_cv_lib_gcov_main=yes
ac_cv_libevent_dir='(system)'
ac_cv_objext=o
ac_cv_path_EGREP='/usr/bin/grep -E'
ac_cv_path_GREP=/usr/bin/grep
ac_cv_path_PROFILER=/usr/bin/gcov
ac_cv_path_XML2RFC=no
ac_cv_path_XSLTPROC=no
ac_cv_path_ac_pt_PKG_CONFIG=/usr/bin/pkg-config
ac_cv_path_install='/usr/bin/install -c'
ac_cv_path_mkdir=/usr/bin/mkdir
ac_cv_prog_AWK=gawk
ac_cv_prog_CPP='gcc -E'
ac_cv_prog_ac_ct_CC=gcc
ac_cv_prog_cc_c11=
ac_cv_prog_cc_c99=
ac_cv_prog_cc_g=yes
ac_cv_prog_cc_stdc=
ac_cv_prog_make_make_set=yes
ac_cv_search_clock_gettime='none required'
ac_cv_search_gethostbyname='none required'
ac_cv_search_gethugepagesizes=no
ac_cv_search_pthread_create='none required'
ac_cv_search_socket='none required'
ac_cv_sizeof_void_p=8
ac_cv_type__Bool=yes
am_cv_CC_dependencies_compiler_type=gcc3
am_cv_make_support_nested_variables=yes
am_cv_prog_cc_c_o=yes

## ----------------- ##
## Output variables. ##
## ----------------- ##

ACLOCAL='${SHELL} '\''/home/kivah/Downloads/memcached/memcached-1.6.31/missing'\'' aclocal-1.16'
AMDEPBACKSLASH='\'
AMDEP_FALSE='#'
AMDEP_TRUE=''
AMTAR='$${TAR-tar}'
AM_BACKSLASH='\'
AM_DEFAULT_V='$(AM_DEFAULT_VERBOSITY)'
AM_DEFAULT_VERBOSITY='1'
AM_V='$(V)'
AUTOCONF='${SHELL} '\''/home/kivah/Downloads/memcached/memcached-1.6.31/missing'\'' autoconf'
AUTOHEADER='${SHELL} '\''/home/kivah/Downloads/memcached/memcached-1.6.31/missing'\'' autoheader'
AUTOMAKE='${SHELL} '\''/home/kivah/Downloads/memcached/memcached-1.6.31/missing'\'' automake-1.16'
AWK='gawk'
BUILD_DARWIN_PRIVS_FALSE=''
BUILD_DARWIN_PRIVS_TRUE='#'
BUILD_DTRACE_FALSE=''
BUILD_DTRACE_TRUE='#'
BUILD_FREEBSD_PRIVS_FALSE=''
BUILD_FREEBSD_PRIVS_TRUE='#'
BUILD_LINUX_PRIVS_FALSE=''
BUILD_LINUX_PRIVS_TRUE='#'
BUILD_OPENBSD_PRIVS_FALSE=''
BUILD_OPENBSD_PRIVS_TRUE='#'
BUILD_SOLARIS_PRIVS_FALSE=''
BUILD_SOLARIS_PRIVS_TRUE='#'
BUILD_SPECIFICATIONS_FALSE=''
BUILD_SPECIFICATIONS_TRUE='#'
CC='gcc'
CCDEPMODE='depmode=gcc3'
CFLAGS='-g -O2 -pthread -pthread -Wall -pedantic -Wmissing-prototypes -Wmissing-declarations -Wredundant-decls'
CPP='gcc -E'
CPPFLAGS=''
CSCOPE='cscope'
CTAGS='ctags'
CYGPATH_W='echo'
DARWIN_FALSE=''
DARWIN_TRUE='#'
DEFS='-DHAVE_CONFIG_H'
DEPDIR='.deps'
DISABLE_UNIX_SOCKET_FALSE=''
DISABLE_UNIX_SOCKET_TRUE='#'
DTRACE=''
DTRACEFLAGS=''
DTRACE_INSTRUMENT_OBJ_FALSE=''
DTRACE_INSTRUMENT_OBJ_TRUE='#'
ECHO_C=''
ECHO_N='-n'
ECHO_T=''
EGREP='/usr/bin/grep -E'
ENABLE_ARM_CRC32_FALSE=''
ENABLE_ARM_CRC32_TRUE='#'
ENABLE_ASAN_FALSE=''
ENABLE_ASAN_TRUE='#'
ENABLE_EXTSTORE_FALSE='#'
ENABLE_EXTSTORE_TRUE=''
ENABLE_PROXY_FALSE=''
ENABLE_PROXY_TLS_FALSE=''
ENABLE_PROXY_TLS_TRUE='#'
ENABLE_PROXY_TRUE='#'
ENABLE_PROXY_URING_FALSE=''
ENABLE_PROXY_URING_TRUE='#'
ENABLE_SASL=''
ENABLE_SASL_FALSE=''
ENABLE_SASL_TRUE='#'
ENABLE_STATIC_FALSE=''
ENABLE_STATIC_TRUE='#'
ENABLE_TLS_FALSE=''
ENABLE_TLS_TRUE='#'
ETAGS='etags'
EXEEXT=''
GREP='/usr/bin/grep'
INSTALL_DATA='${INSTALL} -m 644'
INSTALL_PROGRAM='${INSTALL}'
INSTALL_SCRIPT='${INSTALL}'
INSTALL_STRIP_PROGRAM='$(install_sh) -c -s'
LARGE_CLIENT_FLAGS_FALSE=''
LARGE_CLIENT_FLAGS_TRUE='#'
LDFLAGS=''
LIBOBJS=''
LIBS='-levent '
LTLIBOBJS=''
MAKEINFO='${SHELL} '\''/home/kivah/Downloads/memcached/memcached-1.6.31/missing'\'' makeinfo'
MKDIR_P='/usr/bin/mkdir -p'
OBJEXT='o'
OPENSSL_CFLAGS=''
OPENSSL_LIBS=''
PACKAGE='memcached'
PACKAGE_BUGREPORT='memcached@googlegroups.com'
PACKAGE_NAME='memcached'
PACKAGE_STRING='memcached 1.6.31'
PACKAGE_TARNAME='memcached'
PACKAGE_URL=''
PACKAGE_VERSION='1.6.31'
PATH_SEPARATOR=':'
PKG_CONFIG='/usr/bin/pkg-config'
PKG_CONFIG_LIBDIR=''
PKG_CONFIG_PATH=''
PROFILER='/usr/bin/gcov'
PROFILER_FLAGS='-fprofile-arcs -ftest-coverage'
PROFILER_LDFLAGS='-lgcov'
SET_MAKE=''
SHELL='/bin/bash'
STRIP=''
VERSION='1.6.31'
XML2RFC='no'
XSLTPROC='no'
ac_ct_CC='gcc'
am__EXEEXT_FALSE=''
am__EXEEXT_TRUE='#'
am__fastdepCC_FALSE='#'
am__fastdepCC_TRUE=''
am__include='include'
am__isrc=''
am__leading_dot='.'
am__nodep='_no'
am__quote=''
am__tar='$${TAR-tar} chof - "$$tardir"'
am__untar='$${TAR-tar} xf -'
bindir='${exec_prefix}/bin'
build='x86_64-pc-linux-gnu'
build_alias=''
build_cpu='x86_64'
build_os='linux-gnu'
build_vendor='pc'
datadir='${datarootdir}'
datarootdir='${prefix}/share'
docdir='${datarootdir}/doc/${PACKAGE_TARNAME}'
dvidir='${docdir}'
exec_prefix='${prefix}'
host='x86_64-pc-linux-gnu'
host_alias=''
host_cpu='x86_64'
host_os='linux-gnu'
host_vendor='pc'
htmldir='${docdir}'
includedir='${prefix}/include'
infodir='${datarootdir}/info'
install_sh='${SHELL} /home/kivah/Downloads/memcached/memcached-1.6.31/install-sh'
libdir='${exec_prefix}/lib'
libexecdir='${exec_prefix}/libexec'
localedir='${datarootdir}/locale'
localstatedir='${prefix}/var'
mandir='${datarootdir}/man'
mkdir_p='$(MKDIR_P)'
oldincludedir='/usr/include'
pdfdir='${docdir}'
prefix='/usr/local'
program_transform_name='s,x,x,'
psdir='${docdir}'
runstatedir='${localstatedir}/run'
sbindir='${exec_prefix}/sbin'
sharedstatedir='${prefix}/com'
sysconfdir='${prefix}/etc'
target_alias=''

## ----------- ##
## confdefs.h. ##
## ----------- ##

/* confdefs.h */
#define PACKAGE_NAME "memcached"
#define PACKAGE_TARNAME "memcached"
#define PACKAGE_VERSION "1.6.31"
#define PACKAGE_STRING "memcached 1.6.31"
#define PACKAGE_BUGREPORT "memcached@googlegroups.com"
#define PACKAGE_URL ""
#define PACKAGE "memcached"
#define VERSION "1.6.31"
#define HAVE_STDIO_H 1
#define HAVE_STDLIB_H 1
#define HAVE_STRING_H 1
#define HAVE_INTTYPES_H 1
#define HAVE_STDINT_H 1
#define HAVE_STRINGS_H 1
#define HAVE_SYS_STAT_H 1
#define HAVE_SYS_TYPES_H 1
#define HAVE_UNISTD_H 1
#define STDC_HEADERS 1
#define EXTSTORE 1
#define SIZEOF_VOID_P 8
#define HAVE_LIBEVENT_NEW 1
#define HAVE__BOOL 1
#define HAVE_STDBOOL_H 1
#define HAVE_INTTYPES_H 1
#define HAVE_SYS_AUXV_H 1
#define ENDIAN_LITTLE 1
#define HAVE_MLOCKALL 1
#define HAVE_SYSCONF 1
#define HAVE_CLOCK_GETTIME 1
#define HAVE_PREADV 1
#define HAVE_PREAD 1
#define HAVE_EVENTFD 1
#define HAVE_PTHREAD_SETNAME_NP 1
#define HAVE_PTHREAD_SETNAME_NP 1
#define HAVE_ACCEPT4 1
#define HAVE_ACCEPT4 1
#define HAVE_GETOPT_LONG 1
#define HAVE_GETOPT_LONG 1
#define HAVE_GCC_ATOMICS 1
#define HAVE_GCC_64ATOMICS 1
#define _GNU_SOURCE 1

configure: exit 0
